# JRE version: Java(TM) SE Runtime Environment (8.0_74-b02) (build 1.8.0_74-b02)
# Java VM: Java HotSpot(TM) 64-Bit Server VM (25.74-b02 mixed mode linux-amd64 compressed oops)
Heap:
 PSYoungGen      total 68096K, used 5430K [0x00000000eb900000, 0x00000000f0400000, 0x0000000100000000)
  eden space 60416K, 0% used [0x00000000eb900000,0x00000000eb900000,0x00000000ef400000)
  from space 7680K, 70% used [0x00000000efc80000,0x00000000f01cd910,0x00000000f0400000)
  to   space 7680K, 0% used [0x00000000ef400000,0x00000000ef400000,0x00000000efb80000)
 ParOldGen       total 42496K, used 10992K [0x00000000c2a00000, 0x00000000c5380000, 0x00000000eb900000)
  object space 42496K, 25% used [0x00000000c2a00000,0x00000000c34bc3f0,0x00000000c5380000)
 Metaspace       used 20601K, capacity 21074K, committed 21248K, reserved 1067008K
  class space    used 2550K, capacity 2729K, committed 2816K, reserved 1048576K
GC Heap History (10 events):
Event: 3,458 GC heap after
Heap after GC invocations=3 (full 0):
 PSYoungGen      total 18432K, used 2544K [0x00000000eb900000, 0x00000000edd00000, 0x0000000100000000)
  eden space 15872K, 0% used [0x00000000eb900000,0x00000000eb900000,0x00000000ec880000)
  from space 2560K, 99% used [0x00000000ec880000,0x00000000ecafc318,0x00000000ecb00000)
  to   space 2560K, 0% used [0x00000000eda80000,0x00000000eda80000,0x00000000edd00000)
 ParOldGen       total 42496K, used 2206K [0x00000000c2a00000, 0x00000000c5380000, 0x00000000eb900000)
  object space 42496K, 5% used [0x00000000c2a00000,0x00000000c2c278a8,0x00000000c5380000)
 Metaspace       used 9536K, capacity 9736K, committed 10112K, reserved 1058816K
  class space    used 1222K, capacity 1281K, committed 1408K, reserved 1048576K
}
Event: 4,681 GC heap before
{Heap before GC invocations=4 (full 0):
 PSYoungGen      total 18432K, used 18416K [0x00000000eb900000, 0x00000000edd00000, 0x0000000100000000)
  eden space 15872K, 100% used [0x00000000eb900000,0x00000000ec880000,0x00000000ec880000)
  from space 2560K, 99% used [0x00000000ec880000,0x00000000ecafc318,0x00000000ecb00000)
  to   space 2560K, 0% used [0x00000000eda80000,0x00000000eda80000,0x00000000edd00000)
 ParOldGen       total 42496K, used 2206K [0x00000000c2a00000, 0x00000000c5380000, 0x00000000eb900000)
  object space 42496K, 5% used [0x00000000c2a00000,0x00000000c2c278a8,0x00000000c5380000)
 Metaspace       used 12802K, capacity 13136K, committed 13312K, reserved 1060864K
  class space    used 1575K, capacity 1691K, committed 1792K, reserved 1048576K
Event: 4,696 GC heap after
Heap after GC invocations=4 (full 0):
 PSYoungGen      total 34304K, used 2544K [0x00000000eb900000, 0x00000000edd00000, 0x0000000100000000)
  eden space 31744K, 0% used [0x00000000eb900000,0x00000000eb900000,0x00000000ed800000)
  from space 2560K, 99% used [0x00000000eda80000,0x00000000edcfc010,0x00000000edd00000)
  to   space 2560K, 0% used [0x00000000ed800000,0x00000000ed800000,0x00000000eda80000)
 ParOldGen       total 42496K, used 4513K [0x00000000c2a00000, 0x00000000c5380000, 0x00000000eb900000)
  object space 42496K, 10% used [0x00000000c2a00000,0x00000000c2e68580,0x00000000c5380000)
 Metaspace       used 12802K, capacity 13136K, committed 13312K, reserved 1060864K
  class space    used 1575K, capacity 1691K, committed 1792K, reserved 1048576K
}
Event: 7,448 GC heap before
{Heap before GC invocations=5 (full 0):
 PSYoungGen      total 34304K, used 34288K [0x00000000eb900000, 0x00000000edd00000, 0x0000000100000000)
  eden space 31744K, 100% used [0x00000000eb900000,0x00000000ed800000,0x00000000ed800000)
  from space 2560K, 99% used [0x00000000eda80000,0x00000000edcfc010,0x00000000edd00000)
  to   space 2560K, 0% used [0x00000000ed800000,0x00000000ed800000,0x00000000eda80000)
 ParOldGen       total 42496K, used 4513K [0x00000000c2a00000, 0x00000000c5380000, 0x00000000eb900000)
  object space 42496K, 10% used [0x00000000c2a00000,0x00000000c2e68580,0x00000000c5380000)
 Metaspace       used 16612K, capacity 17040K, committed 17408K, reserved 1064960K
  class space    used 2059K, capacity 2192K, committed 2304K, reserved 1048576K
Event: 7,470 GC heap after
Heap after GC invocations=5 (full 0):
 PSYoungGen      total 34304K, used 2528K [0x00000000eb900000, 0x00000000f0700000, 0x0000000100000000)
  eden space 31744K, 0% used [0x00000000eb900000,0x00000000eb900000,0x00000000ed800000)
  from space 2560K, 98% used [0x00000000ed800000,0x00000000eda78020,0x00000000eda80000)
  to   space 8192K, 0% used [0x00000000eff00000,0x00000000eff00000,0x00000000f0700000)
 ParOldGen       total 42496K, used 9746K [0x00000000c2a00000, 0x00000000c5380000, 0x00000000eb900000)
  object space 42496K, 22% used [0x00000000c2a00000,0x00000000c3384b70,0x00000000c5380000)
 Metaspace       used 16612K, capacity 17040K, committed 17408K, reserved 1064960K
  class space    used 2059K, capacity 2192K, committed 2304K, reserved 1048576K
}
Event: 9,624 GC heap before
{Heap before GC invocations=6 (full 0):
 PSYoungGen      total 34304K, used 34272K [0x00000000eb900000, 0x00000000f0700000, 0x0000000100000000)
  eden space 31744K, 100% used [0x00000000eb900000,0x00000000ed800000,0x00000000ed800000)
  from space 2560K, 98% used [0x00000000ed800000,0x00000000eda78020,0x00000000eda80000)
  to   space 8192K, 0% used [0x00000000eff00000,0x00000000eff00000,0x00000000f0700000)
 ParOldGen       total 42496K, used 9746K [0x00000000c2a00000, 0x00000000c5380000, 0x00000000eb900000)
  object space 42496K, 22% used [0x00000000c2a00000,0x00000000c3384b70,0x00000000c5380000)
 Metaspace       used 16924K, capacity 17334K, committed 17664K, reserved 1064960K
  class space    used 2078K, capacity 2225K, committed 2304K, reserved 1048576K
Event: 9,640 GC heap after
Heap after GC invocations=6 (full 0):
 PSYoungGen      total 34816K, used 4064K [0x00000000eb900000, 0x00000000f0300000, 0x0000000100000000)
  eden space 30720K, 0% used [0x00000000eb900000,0x00000000eb900000,0x00000000ed700000)
  from space 4096K, 99% used [0x00000000eff00000,0x00000000f02f8020,0x00000000f0300000)
  to   space 7680K, 0% used [0x00000000ef400000,0x00000000ef400000,0x00000000efb80000)
 ParOldGen       total 42496K, used 9746K [0x00000000c2a00000, 0x00000000c5380000, 0x00000000eb900000)
  object space 42496K, 22% used [0x00000000c2a00000,0x00000000c3384b70,0x00000000c5380000)
 Metaspace       used 16924K, capacity 17334K, committed 17664K, reserved 1064960K
  class space    used 2078K, capacity 2225K, committed 2304K, reserved 1048576K
}
Event: 11,005 GC heap before
{Heap before GC invocations=7 (full 0):
 PSYoungGen      total 34816K, used 34784K [0x00000000eb900000, 0x00000000f0300000, 0x0000000100000000)
  eden space 30720K, 100% used [0x00000000eb900000,0x00000000ed700000,0x00000000ed700000)
  from space 4096K, 99% used [0x00000000eff00000,0x00000000f02f8020,0x00000000f0300000)
  to   space 7680K, 0% used [0x00000000ef400000,0x00000000ef400000,0x00000000efb80000)
 ParOldGen       total 42496K, used 9746K [0x00000000c2a00000, 0x00000000c5380000, 0x00000000eb900000)
  object space 42496K, 22% used [0x00000000c2a00000,0x00000000c3384b70,0x00000000c5380000)
 Metaspace       used 17666K, capacity 18126K, committed 18432K, reserved 1064960K
  class space    used 2149K, capacity 2297K, committed 2304K, reserved 1048576K
Event: 11,060 GC heap after
Heap after GC invocations=7 (full 0):
 PSYoungGen      total 68096K, used 5032K [0x00000000eb900000, 0x00000000f0400000, 0x0000000100000000)
  eden space 60416K, 0% used [0x00000000eb900000,0x00000000eb900000,0x00000000ef400000)
  from space 7680K, 65% used [0x00000000ef400000,0x00000000ef8ea080,0x00000000efb80000)
  to   space 7680K, 0% used [0x00000000efc80000,0x00000000efc80000,0x00000000f0400000)
 ParOldGen       total 42496K, used 10370K [0x00000000c2a00000, 0x00000000c5380000, 0x00000000eb900000)
  object space 42496K, 24% used [0x00000000c2a00000,0x00000000c3420bb0,0x00000000c5380000)
 Metaspace       used 17666K, capacity 18126K, committed 18432K, reserved 1064960K
  class space    used 2149K, capacity 2297K, committed 2304K, reserved 1048576K
}
Event: 12,322 GC heap before
{Heap before GC invocations=8 (full 0):
 PSYoungGen      total 68096K, used 25203K [0x00000000eb900000, 0x00000000f0400000, 0x0000000100000000)
  eden space 60416K, 33% used [0x00000000eb900000,0x00000000eccb2bb8,0x00000000ef400000)
  from space 7680K, 65% used [0x00000000ef400000,0x00000000ef8ea080,0x00000000efb80000)
  to   space 7680K, 0% used [0x00000000efc80000,0x00000000efc80000,0x00000000f0400000)
 ParOldGen       total 42496K, used 10370K [0x00000000c2a00000, 0x00000000c5380000, 0x00000000eb900000)
  object space 42496K, 24% used [0x00000000c2a00000,0x00000000c3420bb0,0x00000000c5380000)
 Metaspace       used 20601K, capacity 21074K, committed 21248K, reserved 1067008K
  class space    used 2550K, capacity 2729K, committed 2816K, reserved 1048576K

